C51 COMPILER V9.54   DEMO1                                                                 03/24/2023 20:48:04 PAGE 1   


C51 COMPILER V9.54, COMPILATION OF MODULE DEMO1
OBJECT MODULE PLACED IN .\Objects\demo1.obj
COMPILER INVOKED BY: E:\keil5\C51\BIN\C51.EXE demo1.c OPTIMIZE(8,SPEED) BROWSE DEBUG OBJECTEXTEND PRINT(.\Listings\demo1
                    -.lst) TABS(2) OBJECT(.\Objects\demo1.obj)

line level    source

   1          #include <REGX52.H>
   2          #include <INTRINS.H>
   3          
   4          
   5          /*要让这个程序实现D8闪烁*/
   6          
   7          void Delay500ms()   //@12.000MHz
   8          {
   9   1        unsigned char i, j, k;
  10   1      
  11   1        _nop_();
  12   1        i = 4;
  13   1        j = 205;
  14   1        k = 187;
  15   1        do
  16   1        {
  17   2          do
  18   2          {
  19   3            while (--k);
  20   3          } while (--j);
  21   2        } while (--i);
  22   1      }
  23          
  24          
  25          void main()
  26          {
  27   1        /*led灯高电平1，低电平0，高电平是不亮*/
  28   1        while(1){
  29   2        P2 = 0x7e;//D8亮
  30   2        Delay500ms();
  31   2        P2 = 0xff;//D8灭
  32   2        Delay500ms();
  33   2        }
  34   1      }


MODULE INFORMATION:   STATIC OVERLAYABLE
   CODE SIZE        =     28    ----
   CONSTANT SIZE    =   ----    ----
   XDATA SIZE       =   ----    ----
   PDATA SIZE       =   ----    ----
   DATA SIZE        =   ----    ----
   IDATA SIZE       =   ----    ----
   BIT SIZE         =   ----    ----
END OF MODULE INFORMATION.


C51 COMPILATION COMPLETE.  0 WARNING(S),  0 ERROR(S)
