C51 COMPILER V9.54   DEMO33                                                                04/06/2023 21:05:53 PAGE 1   


C51 COMPILER V9.54, COMPILATION OF MODULE DEMO33
OBJECT MODULE PLACED IN .\Objects\demo33.obj
COMPILER INVOKED BY: E:\keil5\C51\BIN\C51.EXE demo33.c OPTIMIZE(8,SPEED) BROWSE DEBUG OBJECTEXTEND PRINT(.\Listings\demo
                    -33.lst) TABS(2) OBJECT(.\Objects\demo33.obj)

line level    source

   1          #include <REGX52.H>
   2          
   3          void delay(unsigned int x)    
   4          {
   5   1        unsigned char i, j;
   6   1      
   7   1        while(x--)
   8   1        {
   9   2        i = 12;
  10   2        j = 169;
  11   2        do
  12   2        {
  13   3          while (--j);
  14   3        } while (--i);
  15   2        }
  16   1      }
  17          
  18          
  19          void main()
  20          {
  21   1        unsigned char LEDNum = 0;
  22   1        while(1)
  23   1        {
  24   2          if(P3_1==0)
  25   2          {
  26   3            delay(20);
  27   3            while(P3_1 == 0);
  28   3            delay(20);
  29   3            
  30   3            LEDNum++;
  31   3            P2 = ~LEDNum;
  32   3          }
  33   2          
  34   2        }
  35   1      }


MODULE INFORMATION:   STATIC OVERLAYABLE
   CODE SIZE        =     50    ----
   CONSTANT SIZE    =   ----    ----
   XDATA SIZE       =   ----    ----
   PDATA SIZE       =   ----    ----
   DATA SIZE        =   ----    ----
   IDATA SIZE       =   ----    ----
   BIT SIZE         =   ----    ----
END OF MODULE INFORMATION.


C51 COMPILATION COMPLETE.  0 WARNING(S),  0 ERROR(S)
