C51 COMPILER V9.54   MAIN                                                                  04/06/2023 20:39:55 PAGE 1   


C51 COMPILER V9.54, COMPILATION OF MODULE MAIN
OBJECT MODULE PLACED IN .\Objects\main.obj
COMPILER INVOKED BY: E:\keil5\C51\BIN\C51.EXE main.c OPTIMIZE(8,SPEED) BROWSE DEBUG OBJECTEXTEND PRINT(.\Listings\main.l
                    -st) TABS(2) OBJECT(.\Objects\main.obj)

line level    source

   1          #include <REGX52.H>
   2          
   3          
   4          //delay function that is a postone 
   5          void delay(unsigned int x)
   6          {
   7   1        while(1)
   8   1        {
   9   2          unsigned char i,j;
  10   2          
  11   2          while(1){
  12   3            i = 2;
  13   3            j = 239;
  14   3            do
  15   3            {
  16   4              while(--j);
  17   4              
  18   4            }while(--i);
  19   3            x--;
  20   3          
  21   3        }
  22   2      }
  23   1        }
  24          
  25          
  26          void main()
  27          {
  28   1        while(1)
  29   1        {
  30   2          if(P3_1 == 0)
  31   2          {
  32   3            delay(20); //Ïû³ý°´¼ü¶¶¶¯
  33   3            while(P3_1==0);
  34   3            delay(20);
  35   3            P2_0 = ~P2_0;
  36   3          }
  37   2        }
  38   1      }


MODULE INFORMATION:   STATIC OVERLAYABLE
   CODE SIZE        =     43    ----
   CONSTANT SIZE    =   ----    ----
   XDATA SIZE       =   ----    ----
   PDATA SIZE       =   ----    ----
   DATA SIZE        =   ----       2
   IDATA SIZE       =   ----    ----
   BIT SIZE         =   ----    ----
END OF MODULE INFORMATION.


C51 COMPILATION COMPLETE.  0 WARNING(S),  0 ERROR(S)
