C51 COMPILER V9.54   MAIN                                                                  05/02/2023 14:58:24 PAGE 1   


C51 COMPILER V9.54, COMPILATION OF MODULE MAIN
OBJECT MODULE PLACED IN .\Objects\main.obj
COMPILER INVOKED BY: E:\keil5\C51\BIN\C51.EXE main.c OPTIMIZE(8,SPEED) BROWSE DEBUG OBJECTEXTEND PRINT(.\Listings\main.l
                    -st) TABS(2) OBJECT(.\Objects\main.obj)

line level    source

   1          #include <REGX52.H>
   2          #include "Delay.h"
   3          #include "LCD1602.h"
   4          #include "Timer0.h"
   5          
   6          unsigned char Sec=55,Min=59,Hour=23;
   7          
   8          void main()
   9          {
  10   1        LCD_Init();
  11   1        
  12   1        Timer0Init();
  13   1        
  14   1        LCD_ShowString(1,1,"Clock:");
  15   1        LCD_ShowString(2,1,"  :  :");
  16   1        
  17   1        
  18   1        while(1){
  19   2        
  20   2         LCD_ShowNum(2,1,Hour,2);
  21   2         LCD_ShowNum(2,4,Min,2);
  22   2         LCD_ShowNum(2,7,Sec,2);
  23   2        }
  24   1        
  25   1      }
  26          
  27          
  28          void Timer0_Routine() interrupt 1
  29          {
  30   1        static unsigned int T0Count;
  31   1        TL0 = 0x18;   //设置定时初值
  32   1        TH0 = 0xFC;   //设置定时初值
  33   1        T0Count++;
  34   1        if(T0Count>=1000)
  35   1        {
  36   2          T0Count = 0;
  37   2          Sec++;
  38   2          if(Sec>=60) //做越界判断，如果60秒就进到分钟
  39   2          {
  40   3            Sec=0;
  41   3            Min++;
  42   3            if(Min>=60)
  43   3            {
  44   4              Min = 0;
  45   4              Hour++;
  46   4              if(Hour>=24)
  47   4              {
  48   5                Hour=0;//24小时到，Hour清零
  49   5              }
  50   4            }
  51   3          }
  52   2        }
  53   1        
  54   1      }
C51 COMPILER V9.54   MAIN                                                                  05/02/2023 14:58:24 PAGE 2   



MODULE INFORMATION:   STATIC OVERLAYABLE
   CODE SIZE        =    150    ----
   CONSTANT SIZE    =     14    ----
   XDATA SIZE       =   ----    ----
   PDATA SIZE       =   ----    ----
   DATA SIZE        =      5    ----
   IDATA SIZE       =   ----    ----
   BIT SIZE         =   ----    ----
END OF MODULE INFORMATION.


C51 COMPILATION COMPLETE.  0 WARNING(S),  0 ERROR(S)
