C51 COMPILER V9.54   TIMER0                                                                05/02/2023 14:58:24 PAGE 1   


C51 COMPILER V9.54, COMPILATION OF MODULE TIMER0
OBJECT MODULE PLACED IN .\Objects\Timer0.obj
COMPILER INVOKED BY: E:\keil5\C51\BIN\C51.EXE Timer0.c OPTIMIZE(8,SPEED) BROWSE DEBUG OBJECTEXTEND PRINT(.\Listings\Time
                    -r0.lst) TABS(2) OBJECT(.\Objects\Timer0.obj)

line level    source

   1          #include <REGX52.H>
   2          
   3          /**
   4            * @brief  定时器0初始化，1毫秒@12.000MHz
   5            * @param  无
   6            * @retval 无
   7            */
   8          
   9          void Timer0Init()   //1毫秒@12.000MHz
  10          {
  11   1        TMOD &= 0xF0;   //设置定时器模式
  12   1        TMOD |= 0x01;   //设置定时器模式
  13   1        TL0 = 0x18;   //设置定时初值
  14   1        TH0 = 0xFC;   //设置定时初值
  15   1        TF0 = 0;    //清除TF0标志
  16   1        TR0 = 1;    //定时器0开始计时
  17   1        ET0 = 1;
  18   1        EA = 1;
  19   1        PT0 = 0;
  20   1      }
  21          
  22          /*
  23          void Timer0_Routine() interrupt 1
  24          {
  25            static unsigned int T0Count;
  26            TL0 = 0x18;   //设置定时初值
  27            TH0 = 0xFC;   //设置定时初值
  28            T0Count++;
  29            if(T0Count>=1000)
  30            {
  31              T0Count = 0;
  32              P2_0 = ~P2_0;
  33            }
  34            
  35          }
  36          
  37          */
  38          
  39          /*
  40          void Timer0_Init()
  41          {
  42            //TMOD = 0X01;//0000 0001
  43            TMOD &= 0xF0; //把TMOD的低四位清零，高四位保持不变
  44            TMOD |= 0x01; //把TMOD的最低位置1，高四位保持不变
  45            TF0 = 0;
  46            TR0 = 1; //64535离计数器溢出还有1000，所有计时时间为1ms
  47            TH0 = 64535/256; //高八位拿出来了
  48            TL0 = 64535%256;  //低八位拿出来
  49            ET0 = 1;
  50            EA = 1;
  51            PT0 = 0;
  52          }
  53          */

C51 COMPILER V9.54   TIMER0                                                                05/02/2023 14:58:24 PAGE 2   


MODULE INFORMATION:   STATIC OVERLAYABLE
   CODE SIZE        =     23    ----
   CONSTANT SIZE    =   ----    ----
   XDATA SIZE       =   ----    ----
   PDATA SIZE       =   ----    ----
   DATA SIZE        =   ----    ----
   IDATA SIZE       =   ----    ----
   BIT SIZE         =   ----    ----
END OF MODULE INFORMATION.


C51 COMPILATION COMPLETE.  0 WARNING(S),  0 ERROR(S)
