C51 COMPILER V9.54   MAIN                                                                  05/25/2023 21:14:55 PAGE 1   


C51 COMPILER V9.54, COMPILATION OF MODULE MAIN
OBJECT MODULE PLACED IN .\Objects\main.obj
COMPILER INVOKED BY: E:\keil5\C51\BIN\C51.EXE main.c OPTIMIZE(8,SPEED) BROWSE DEBUG OBJECTEXTEND PRINT(.\Listings\main.l
                    -st) TABS(2) OBJECT(.\Objects\main.obj)

line level    source

   1          /*******************************************************************************
   2          * 函 数 名 : uart_init
   3          * 函数功能 : 串口通信中断配置函数，通过设置 TH 和 TL 即可确定定时时间
   4          * 输 入 : baud：波特率对应的 TH、TL 装载值
   5          * 输 出 : 无
   6          *******************************************************************************/
   7          #include <REGX52.H>
   8          #include "Delay.h"
   9          #include "Uart.h"
  10          
  11          unsigned char Sec;
  12          
  13          
  14          void main()
  15          {
  16   1        
  17   1        Uart_init();
  18   1        
  19   1        
  20   1        while(1)
  21   1        {
  22   2          Uart_SendByte(Sec);
  23   2          Sec++;
  24   2          Delay(1000);
  25   2        }
  26   1      }
  27          
  28          


MODULE INFORMATION:   STATIC OVERLAYABLE
   CODE SIZE        =     19    ----
   CONSTANT SIZE    =   ----    ----
   XDATA SIZE       =   ----    ----
   PDATA SIZE       =   ----    ----
   DATA SIZE        =      1    ----
   IDATA SIZE       =   ----    ----
   BIT SIZE         =   ----    ----
END OF MODULE INFORMATION.


C51 COMPILATION COMPLETE.  0 WARNING(S),  0 ERROR(S)
