C51 COMPILER V9.54   UART                                                                  05/25/2023 21:14:55 PAGE 1   


C51 COMPILER V9.54, COMPILATION OF MODULE UART
OBJECT MODULE PLACED IN .\Objects\Uart.obj
COMPILER INVOKED BY: E:\keil5\C51\BIN\C51.EXE Uart.c OPTIMIZE(8,SPEED) BROWSE DEBUG OBJECTEXTEND PRINT(.\Listings\Uart.l
                    -st) TABS(2) OBJECT(.\Objects\Uart.obj)

line level    source

   1          #include <REGX52.H>
   2          
   3          //void Uart_init(u8 baud)
   4          //{
   5          //  TMOD |= 0X20; //设置计数器工作方式 2
   6          //  SCON = 0X50;  //设置为工作方式 1
   7          //  PCON = 0X80;  //波特率加倍
   8          //  TMOD &= 0X0F; ////设定定时器1为16位自动重装方式
   9          //  TMOD |= 0X20; 
  10          //  TH1 = baud;   //计数器初始值设置
  11          //  TL1 = baud;
  12          //  ES = 1;  //打开接收中断
  13          //  EA = 1;  //打开总中断
  14          //  TR1 = 1;  //打开计数器
  15          //}
  16          
  17          void Uart_init()    //4800bps@12.000MHz
  18          {
  19   1        PCON |= 0x80;   //使能波特率倍速位SMOD
  20   1        SCON = 0x50;    //8位数据,可变波特率
  21   1        TMOD &= 0x0F;   //清除定时器1模式位
  22   1        TMOD |= 0x20;   //设定定时器1为8位自动重装方式
  23   1        TL1 = 0xF3;   //设定定时初值
  24   1        TH1 = 0xF3;   //设定定时器重装值
  25   1        ET1 = 0;    //禁止定时器1中断
  26   1        TR1 = 1;//打开定时器
  27   1      }
  28          
  29          
  30          
  31          
  32          //void Uart() interrupt 4 //串口通信中断函数
  33          //{ 
  34          //  u8 rec_data;
  35          //  
  36          //  RI = 0;   //清除接收中断标志位
  37          //  rec_data = SBUF;  //存储接收到的数据
  38          //  SBUF = rec_data;  //接收到的数据放入到发送寄存器
  39          //  while(!TI); //等待发送数据完成
  40          //  TI = 0;  //清除发送完成标志位
  41          //  
  42          //}
  43          
  44          void Uart_SendByte(unsigned char Byte)
  45          {
  46   1        SBUF = Byte;
  47   1        while(TI==0);
  48   1        TI=0;
  49   1      }


MODULE INFORMATION:   STATIC OVERLAYABLE
   CODE SIZE        =     31    ----
   CONSTANT SIZE    =   ----    ----
C51 COMPILER V9.54   UART                                                                  05/25/2023 21:14:55 PAGE 2   

   XDATA SIZE       =   ----    ----
   PDATA SIZE       =   ----    ----
   DATA SIZE        =   ----    ----
   IDATA SIZE       =   ----    ----
   BIT SIZE         =   ----    ----
END OF MODULE INFORMATION.


C51 COMPILATION COMPLETE.  0 WARNING(S),  0 ERROR(S)
