C51 COMPILER V9.54   DEMO3_1                                                               04/01/2023 21:55:53 PAGE 1   


C51 COMPILER V9.54, COMPILATION OF MODULE DEMO3_1
OBJECT MODULE PLACED IN .\Objects\demo3-1.obj
COMPILER INVOKED BY: E:\keil5\C51\BIN\C51.EXE demo3-1.c OPTIMIZE(8,SPEED) BROWSE DEBUG OBJECTEXTEND PRINT(.\Listings\dem
                    -o3-1.lst) TABS(2) OBJECT(.\Objects\demo3-1.obj)

line level    source

   1          #include <REGX52.H>
   2          
   3          void main()
   4          {
   5   1        while(1){
   6   2          if(P3_1 == 0)
   7   2          {
   8   3            P2_0 = 0; //是否点亮了这个灯
   9   3          }
  10   2          else
  11   2            P2_0 = 1; //灭
  12   2        }
  13   1      }


MODULE INFORMATION:   STATIC OVERLAYABLE
   CODE SIZE        =     11    ----
   CONSTANT SIZE    =   ----    ----
   XDATA SIZE       =   ----    ----
   PDATA SIZE       =   ----    ----
   DATA SIZE        =   ----    ----
   IDATA SIZE       =   ----    ----
   BIT SIZE         =   ----    ----
END OF MODULE INFORMATION.


C51 COMPILATION COMPLETE.  0 WARNING(S),  0 ERROR(S)
