C51 COMPILER V9.54   KEY                                                                   05/02/2023 12:33:49 PAGE 1   


C51 COMPILER V9.54, COMPILATION OF MODULE KEY
OBJECT MODULE PLACED IN .\Objects\Key.obj
COMPILER INVOKED BY: E:\keil5\C51\BIN\C51.EXE Key.c OPTIMIZE(8,SPEED) BROWSE DEBUG OBJECTEXTEND PRINT(.\Listings\Key.lst
                    -) TABS(2) OBJECT(.\Objects\Key.obj)

line level    source

   1          #include <REGX52.H>
   2          #include "Delay.h"
   3          /**
   4             * @brief 获取独立按键键码
   5             * @param  无
   6             * @retval  按下按键的键码，范围：0~4，无按键按下时返回0
   7             *
   8             */
   9          
  10          unsigned char Key()
  11          {
  12   1        unsigned char KeyNumber = 0;
  13   1        
  14   1        if(P3_1==0){Delay(20);while(P3_1==0);Delay(20);KeyNumber=1;}
  15   1        if(P3_0==0){Delay(20);while(P3_0==0);Delay(20);KeyNumber=2;}
  16   1        if(P3_2==0){Delay(20);while(P3_2==0);Delay(20);KeyNumber=3;}
  17   1        if(P3_3==0){Delay(20);while(P3_3==0);Delay(20);KeyNumber=4;}
  18   1        
  19   1        
  20   1        return KeyNumber;
  21   1        
  22   1      }


MODULE INFORMATION:   STATIC OVERLAYABLE
   CODE SIZE        =     97    ----
   CONSTANT SIZE    =   ----    ----
   XDATA SIZE       =   ----    ----
   PDATA SIZE       =   ----    ----
   DATA SIZE        =   ----       1
   IDATA SIZE       =   ----    ----
   BIT SIZE         =   ----    ----
END OF MODULE INFORMATION.


C51 COMPILATION COMPLETE.  0 WARNING(S),  0 ERROR(S)
