C51 COMPILER V9.54   MAIN                                                                  05/02/2023 12:33:49 PAGE 1   


C51 COMPILER V9.54, COMPILATION OF MODULE MAIN
OBJECT MODULE PLACED IN .\Objects\main.obj
COMPILER INVOKED BY: E:\keil5\C51\BIN\C51.EXE main.c OPTIMIZE(8,SPEED) BROWSE DEBUG OBJECTEXTEND PRINT(.\Listings\main.l
                    -st) TABS(2) OBJECT(.\Objects\main.obj)

line level    source

   1          #include <REGX52.H>
   2          #include <INTRINS.H>
   3          #include "Timer0.h"
   4          #include "Key.h"
   5          
   6          unsigned char KeyNum,LEDMode;
   7          
   8          void main()
   9          {
  10   1        P2 = 0xFE; //restart 0;
  11   1        Timer0Init();
  12   1        while(1){
  13   2          KeyNum = Key();
  14   2          if(KeyNum)
  15   2          {
  16   3            if(KeyNum==1)
  17   3            {
  18   4              LEDMode++;
  19   4              if(LEDMode>=2)LEDMode==0;
*** WARNING C275 IN LINE 19 OF main.c: expression with possibly no effect
  20   4            }
  21   3            
  22   3          }
  23   2          }
  24   1      }
  25          
  26          
  27          void Timer0_Routine() interrupt 1
  28          {
  29   1      
  30   1        
  31   1        static unsigned int T0Count;
  32   1        TL0 = 0x18;   //设置定时初值
  33   1        TH0 = 0xFC;   //设置定时初值
  34   1        T0Count++;
  35   1        if(T0Count>=2000)
  36   1        {
  37   2          T0Count = 0;
  38   2          if(LEDMode==0)
  39   2             P2=_crol_(P2,1);
  40   2          if(LEDMode==1)
  41   2             P2=_cror_(P2,1);
  42   2        }
  43   1        
  44   1      }


MODULE INFORMATION:   STATIC OVERLAYABLE
   CODE SIZE        =    111    ----
   CONSTANT SIZE    =   ----    ----
   XDATA SIZE       =   ----    ----
   PDATA SIZE       =   ----    ----
   DATA SIZE        =      4    ----
   IDATA SIZE       =   ----    ----
C51 COMPILER V9.54   MAIN                                                                  05/02/2023 12:33:49 PAGE 2   

   BIT SIZE         =   ----    ----
END OF MODULE INFORMATION.


C51 COMPILATION COMPLETE.  1 WARNING(S),  0 ERROR(S)
