C51 COMPILER V9.54   MAIN                                                                  04/06/2023 22:58:25 PAGE 1   


C51 COMPILER V9.54, COMPILATION OF MODULE MAIN
OBJECT MODULE PLACED IN .\Objects\main.obj
COMPILER INVOKED BY: E:\keil5\C51\BIN\C51.EXE main.c OPTIMIZE(8,SPEED) BROWSE DEBUG OBJECTEXTEND PRINT(.\Listings\main.l
                    -st) TABS(2) OBJECT(.\Objects\main.obj)

line level    source

   1          #include <REGX52.H>
   2          
   3          void delay(unsigned int x){
   4   1        unsigned char i, j;
   5   1      
   6   1        while(x--)
   7   1        {
   8   2        i = 12;
   9   2        j = 169;
  10   2        do
  11   2        {
  12   3          while (--j);
  13   3        } while (--i);
  14   2        }
  15   1        
  16   1      }
  17          
  18          void main(){
  19   1        unsigned char LEDNum = 0;
  20   1        P2=~0X01;
  21   1        while(1){
  22   2          
  23   2          if(P3_0 ==0)
  24   2          {
  25   3            delay(20);
  26   3            while(P3_0==0);
  27   3            delay(20);
  28   3            
  29   3            LEDNum++;
  30   3            if(LEDNum>=8)
  31   3               LEDNum=0;
  32   3            P2 = ~(0x01<<LEDNum);
  33   3          }   
  34   2          
  35   2           if(P3_1 == 0)
  36   2           {
  37   3             delay(20);
  38   3             while(P3_1==0);
  39   3             delay(20);
  40   3             
  41   3             if(LEDNum == 0)
  42   3               LEDNum = 7;
  43   3             else
  44   3               LEDNum--;
  45   3             P2 = ~(0X01<<LEDNum);
  46   3             
  47   3             
  48   3           }       
  49   2        
  50   2        
  51   2        }
  52   1      
  53   1      
  54   1      }
C51 COMPILER V9.54   MAIN                                                                  04/06/2023 22:58:25 PAGE 2   



MODULE INFORMATION:   STATIC OVERLAYABLE
   CODE SIZE        =    101    ----
   CONSTANT SIZE    =   ----    ----
   XDATA SIZE       =   ----    ----
   PDATA SIZE       =   ----    ----
   DATA SIZE        =   ----    ----
   IDATA SIZE       =   ----    ----
   BIT SIZE         =   ----    ----
END OF MODULE INFORMATION.


C51 COMPILATION COMPLETE.  0 WARNING(S),  0 ERROR(S)
