C51 COMPILER V9.54   DEMO1                                                                 03/24/2023 17:36:10 PAGE 1   


C51 COMPILER V9.54, COMPILATION OF MODULE DEMO1
OBJECT MODULE PLACED IN .\Objects\demo1.obj
COMPILER INVOKED BY: E:\keil5\C51\BIN\C51.EXE demo1.c OPTIMIZE(8,SPEED) BROWSE DEBUG OBJECTEXTEND PRINT(.\Listings\demo1
                    -.lst) TABS(2) OBJECT(.\Objects\demo1.obj)

line level    source

   1          #include <REGX52.H>
   2          
   3          void main()
   4          {
   5   1        /*led灯高电平1，低电平0，高电平是不亮*/
   6   1        P2 = 0x7f;//D8亮
   7   1        
   8   1      }


MODULE INFORMATION:   STATIC OVERLAYABLE
   CODE SIZE        =      4    ----
   CONSTANT SIZE    =   ----    ----
   XDATA SIZE       =   ----    ----
   PDATA SIZE       =   ----    ----
   DATA SIZE        =   ----    ----
   IDATA SIZE       =   ----    ----
   BIT SIZE         =   ----    ----
END OF MODULE INFORMATION.


C51 COMPILATION COMPLETE.  0 WARNING(S),  0 ERROR(S)
